The system is: Linux - 2.6.32-431.17.1.el6.x86_64 - x86_64
Compiling the C compiler identification source file "CMakeCCompilerId.c" succeeded.
Compiler: /home/lijing/cepc/gcc-4.7.4/bin/gcc 
Build flags: 
Id flags: 

The output was:
0


Compilation of the C compiler identification source "CMakeCCompilerId.c" produced "a.out"

The C compiler identification is GNU, found in "/home/lijing/cepc/v01-17-05/Arbor_KD_3.3/build/CMakeFiles/CompilerIdC/a.out"

Compiling the CXX compiler identification source file "CMakeCXXCompilerId.cpp" succeeded.
Compiler: /home/lijing/cepc/gcc-4.7.4/bin/c++ 
Build flags: 
Id flags: 

The output was:
0


Compilation of the CXX compiler identification source "CMakeCXXCompilerId.cpp" produced "a.out"

The CXX compiler identification is GNU, found in "/home/lijing/cepc/v01-17-05/Arbor_KD_3.3/build/CMakeFiles/CompilerIdCXX/a.out"

Determining if the C compiler works passed with the following output:
Change Dir: /home/lijing/cepc/v01-17-05/Arbor_KD_3.3/build/CMakeFiles/CMakeTmp

Run Build Command:/usr/bin/gmake "cmTryCompileExec/fast"
/usr/bin/gmake -f CMakeFiles/cmTryCompileExec.dir/build.make CMakeFiles/cmTryCompileExec.dir/build
gmake[1]: Entering directory `/home/lijing/cepc/v01-17-05/Arbor_KD_3.3/build/CMakeFiles/CMakeTmp'
/home/lijing/softwares/cmake/2.8.5/bin/cmake -E cmake_progress_report /home/lijing/cepc/v01-17-05/Arbor_KD_3.3/build/CMakeFiles/CMakeTmp/CMakeFiles 1
Building C object CMakeFiles/cmTryCompileExec.dir/testCCompiler.c.o
/home/lijing/cepc/gcc-4.7.4/bin/gcc    -o CMakeFiles/cmTryCompileExec.dir/testCCompiler.c.o   -c /home/lijing/cepc/v01-17-05/Arbor_KD_3.3/build/CMakeFiles/CMakeTmp/testCCompiler.c
Linking C executable cmTryCompileExec
/home/lijing/softwares/cmake/2.8.5/bin/cmake -E cmake_link_script CMakeFiles/cmTryCompileExec.dir/link.txt --verbose=1
/home/lijing/cepc/gcc-4.7.4/bin/gcc         CMakeFiles/cmTryCompileExec.dir/testCCompiler.c.o  -o cmTryCompileExec -rdynamic 
gmake[1]: Leaving directory `/home/lijing/cepc/v01-17-05/Arbor_KD_3.3/build/CMakeFiles/CMakeTmp'


Detecting C compiler ABI info compiled with the following output:
Change Dir: /home/lijing/cepc/v01-17-05/Arbor_KD_3.3/build/CMakeFiles/CMakeTmp

Run Build Command:/usr/bin/gmake "cmTryCompileExec/fast"
/usr/bin/gmake -f CMakeFiles/cmTryCompileExec.dir/build.make CMakeFiles/cmTryCompileExec.dir/build
gmake[1]: Entering directory `/home/lijing/cepc/v01-17-05/Arbor_KD_3.3/build/CMakeFiles/CMakeTmp'
/home/lijing/softwares/cmake/2.8.5/bin/cmake -E cmake_progress_report /home/lijing/cepc/v01-17-05/Arbor_KD_3.3/build/CMakeFiles/CMakeTmp/CMakeFiles 1
Building C object CMakeFiles/cmTryCompileExec.dir/CMakeCCompilerABI.c.o
/home/lijing/cepc/gcc-4.7.4/bin/gcc    -o CMakeFiles/cmTryCompileExec.dir/CMakeCCompilerABI.c.o   -c /home/lijing/softwares/cmake/2.8.5/share/cmake-2.8/Modules/CMakeCCompilerABI.c
Linking C executable cmTryCompileExec
/home/lijing/softwares/cmake/2.8.5/bin/cmake -E cmake_link_script CMakeFiles/cmTryCompileExec.dir/link.txt --verbose=1
/home/lijing/cepc/gcc-4.7.4/bin/gcc       -v CMakeFiles/cmTryCompileExec.dir/CMakeCCompilerABI.c.o  -o cmTryCompileExec -rdynamic  
Using built-in specs.
COLLECT_GCC=/home/lijing/cepc/gcc-4.7.4/bin/gcc
COLLECT_LTO_WRAPPER=/home/lijing/cepc/gcc-4.7.4/libexec/gcc/x86_64-unknown-linux-gnu/4.7.4/lto-wrapper
Target: x86_64-unknown-linux-gnu
Configured with: ./configure --prefix=/home/lijing/cepc/gcc-4.7.4 --with-gmp=/home/lijing/cepc/gmp-6.1.0 --with-mpfr=/home/lijing/cepc/mpfr-3.1.4 --with-mpc=/home/lijing/cepc/mpc-1.0.3
Thread model: posix
gcc version 4.7.4 (GCC) 
COMPILER_PATH=/home/lijing/cepc/gcc-4.7.4/libexec/gcc/x86_64-unknown-linux-gnu/4.7.4/:/home/lijing/cepc/gcc-4.7.4/libexec/gcc/x86_64-unknown-linux-gnu/4.7.4/:/home/lijing/cepc/gcc-4.7.4/libexec/gcc/x86_64-unknown-linux-gnu/:/home/lijing/cepc/gcc-4.7.4/lib/gcc/x86_64-unknown-linux-gnu/4.7.4/:/home/lijing/cepc/gcc-4.7.4/lib/gcc/x86_64-unknown-linux-gnu/
LIBRARY_PATH=/home/lijing/cepc/gcc-4.7.4/lib/gcc/x86_64-unknown-linux-gnu/4.7.4/:/home/lijing/cepc/gcc-4.7.4/lib/gcc/x86_64-unknown-linux-gnu/4.7.4/../../../../lib64/:/lib/../lib64/:/usr/lib/../lib64/:/opt/intel/composer_xe_2013.3.163/compiler/lib/intel64/:/opt/intel/composer_xe_2013.3.163/compiler/lib/intel64/:/opt/intel/composer_xe_2013.3.163/mkl/lib/intel64/:/home/lijing/cepc/gcc-4.7.4/lib/gcc/x86_64-unknown-linux-gnu/4.7.4/../../../:/lib/:/usr/lib/
COLLECT_GCC_OPTIONS='-v' '-o' 'cmTryCompileExec' '-rdynamic' '-mtune=generic' '-march=x86-64'
 /home/lijing/cepc/gcc-4.7.4/libexec/gcc/x86_64-unknown-linux-gnu/4.7.4/collect2 --eh-frame-hdr -m elf_x86_64 -export-dynamic -dynamic-linker /lib64/ld-linux-x86-64.so.2 -o cmTryCompileExec /usr/lib/../lib64/crt1.o /usr/lib/../lib64/crti.o /home/lijing/cepc/gcc-4.7.4/lib/gcc/x86_64-unknown-linux-gnu/4.7.4/crtbegin.o -L/home/lijing/cepc/gcc-4.7.4/lib/gcc/x86_64-unknown-linux-gnu/4.7.4 -L/home/lijing/cepc/gcc-4.7.4/lib/gcc/x86_64-unknown-linux-gnu/4.7.4/../../../../lib64 -L/lib/../lib64 -L/usr/lib/../lib64 -L/opt/intel/composer_xe_2013.3.163/compiler/lib/intel64 -L/opt/intel/composer_xe_2013.3.163/compiler/lib/intel64 -L/opt/intel/composer_xe_2013.3.163/mkl/lib/intel64 -L/home/lijing/cepc/gcc-4.7.4/lib/gcc/x86_64-unknown-linux-gnu/4.7.4/../../.. CMakeFiles/cmTryCompileExec.dir/CMakeCCompilerABI.c.o -lgcc --as-needed -lgcc_s --no-as-needed -lc -lgcc --as-needed -lgcc_s --no-as-needed /home/lijing/cepc/gcc-4.7.4/lib/gcc/x86_64-unknown-linux-gnu/4.7.4/crtend.o /usr/lib/../lib64/crtn.o
gmake[1]: Leaving directory `/home/lijing/cepc/v01-17-05/Arbor_KD_3.3/build/CMakeFiles/CMakeTmp'


Parsed C implicit link information from above output:
  link line regex: [^( *|.*[/\])(ld|ld|collect2)[^/\]*( |$)]
  ignore line: [Change Dir: /home/lijing/cepc/v01-17-05/Arbor_KD_3.3/build/CMakeFiles/CMakeTmp]
  ignore line: []
  ignore line: [Run Build Command:/usr/bin/gmake "cmTryCompileExec/fast"]
  ignore line: [/usr/bin/gmake -f CMakeFiles/cmTryCompileExec.dir/build.make CMakeFiles/cmTryCompileExec.dir/build]
  ignore line: [gmake[1]: Entering directory `/home/lijing/cepc/v01-17-05/Arbor_KD_3.3/build/CMakeFiles/CMakeTmp']
  ignore line: [/home/lijing/softwares/cmake/2.8.5/bin/cmake -E cmake_progress_report /home/lijing/cepc/v01-17-05/Arbor_KD_3.3/build/CMakeFiles/CMakeTmp/CMakeFiles 1]
  ignore line: [Building C object CMakeFiles/cmTryCompileExec.dir/CMakeCCompilerABI.c.o]
  ignore line: [/home/lijing/cepc/gcc-4.7.4/bin/gcc    -o CMakeFiles/cmTryCompileExec.dir/CMakeCCompilerABI.c.o   -c /home/lijing/softwares/cmake/2.8.5/share/cmake-2.8/Modules/CMakeCCompilerABI.c]
  ignore line: [Linking C executable cmTryCompileExec]
  ignore line: [/home/lijing/softwares/cmake/2.8.5/bin/cmake -E cmake_link_script CMakeFiles/cmTryCompileExec.dir/link.txt --verbose=1]
  ignore line: [/home/lijing/cepc/gcc-4.7.4/bin/gcc       -v CMakeFiles/cmTryCompileExec.dir/CMakeCCompilerABI.c.o  -o cmTryCompileExec -rdynamic  ]
  ignore line: [Using built-in specs.]
  ignore line: [COLLECT_GCC=/home/lijing/cepc/gcc-4.7.4/bin/gcc]
  ignore line: [COLLECT_LTO_WRAPPER=/home/lijing/cepc/gcc-4.7.4/libexec/gcc/x86_64-unknown-linux-gnu/4.7.4/lto-wrapper]
  ignore line: [Target: x86_64-unknown-linux-gnu]
  ignore line: [Configured with: ./configure --prefix=/home/lijing/cepc/gcc-4.7.4 --with-gmp=/home/lijing/cepc/gmp-6.1.0 --with-mpfr=/home/lijing/cepc/mpfr-3.1.4 --with-mpc=/home/lijing/cepc/mpc-1.0.3]
  ignore line: [Thread model: posix]
  ignore line: [gcc version 4.7.4 (GCC) ]
  ignore line: [COMPILER_PATH=/home/lijing/cepc/gcc-4.7.4/libexec/gcc/x86_64-unknown-linux-gnu/4.7.4/:/home/lijing/cepc/gcc-4.7.4/libexec/gcc/x86_64-unknown-linux-gnu/4.7.4/:/home/lijing/cepc/gcc-4.7.4/libexec/gcc/x86_64-unknown-linux-gnu/:/home/lijing/cepc/gcc-4.7.4/lib/gcc/x86_64-unknown-linux-gnu/4.7.4/:/home/lijing/cepc/gcc-4.7.4/lib/gcc/x86_64-unknown-linux-gnu/]
  ignore line: [LIBRARY_PATH=/home/lijing/cepc/gcc-4.7.4/lib/gcc/x86_64-unknown-linux-gnu/4.7.4/:/home/lijing/cepc/gcc-4.7.4/lib/gcc/x86_64-unknown-linux-gnu/4.7.4/../../../../lib64/:/lib/../lib64/:/usr/lib/../lib64/:/opt/intel/composer_xe_2013.3.163/compiler/lib/intel64/:/opt/intel/composer_xe_2013.3.163/compiler/lib/intel64/:/opt/intel/composer_xe_2013.3.163/mkl/lib/intel64/:/home/lijing/cepc/gcc-4.7.4/lib/gcc/x86_64-unknown-linux-gnu/4.7.4/../../../:/lib/:/usr/lib/]
  ignore line: [COLLECT_GCC_OPTIONS='-v' '-o' 'cmTryCompileExec' '-rdynamic' '-mtune=generic' '-march=x86-64']
  link line: [ /home/lijing/cepc/gcc-4.7.4/libexec/gcc/x86_64-unknown-linux-gnu/4.7.4/collect2 --eh-frame-hdr -m elf_x86_64 -export-dynamic -dynamic-linker /lib64/ld-linux-x86-64.so.2 -o cmTryCompileExec /usr/lib/../lib64/crt1.o /usr/lib/../lib64/crti.o /home/lijing/cepc/gcc-4.7.4/lib/gcc/x86_64-unknown-linux-gnu/4.7.4/crtbegin.o -L/home/lijing/cepc/gcc-4.7.4/lib/gcc/x86_64-unknown-linux-gnu/4.7.4 -L/home/lijing/cepc/gcc-4.7.4/lib/gcc/x86_64-unknown-linux-gnu/4.7.4/../../../../lib64 -L/lib/../lib64 -L/usr/lib/../lib64 -L/opt/intel/composer_xe_2013.3.163/compiler/lib/intel64 -L/opt/intel/composer_xe_2013.3.163/compiler/lib/intel64 -L/opt/intel/composer_xe_2013.3.163/mkl/lib/intel64 -L/home/lijing/cepc/gcc-4.7.4/lib/gcc/x86_64-unknown-linux-gnu/4.7.4/../../.. CMakeFiles/cmTryCompileExec.dir/CMakeCCompilerABI.c.o -lgcc --as-needed -lgcc_s --no-as-needed -lc -lgcc --as-needed -lgcc_s --no-as-needed /home/lijing/cepc/gcc-4.7.4/lib/gcc/x86_64-unknown-linux-gnu/4.7.4/crtend.o /usr/lib/../lib64/crtn.o]
    arg [/home/lijing/cepc/gcc-4.7.4/libexec/gcc/x86_64-unknown-linux-gnu/4.7.4/collect2] ==> ignore
    arg [--eh-frame-hdr] ==> ignore
    arg [-m] ==> ignore
    arg [elf_x86_64] ==> ignore
    arg [-export-dynamic] ==> ignore
    arg [-dynamic-linker] ==> ignore
    arg [/lib64/ld-linux-x86-64.so.2] ==> ignore
    arg [-o] ==> ignore
    arg [cmTryCompileExec] ==> ignore
    arg [/usr/lib/../lib64/crt1.o] ==> ignore
    arg [/usr/lib/../lib64/crti.o] ==> ignore
    arg [/home/lijing/cepc/gcc-4.7.4/lib/gcc/x86_64-unknown-linux-gnu/4.7.4/crtbegin.o] ==> ignore
    arg [-L/home/lijing/cepc/gcc-4.7.4/lib/gcc/x86_64-unknown-linux-gnu/4.7.4] ==> dir [/home/lijing/cepc/gcc-4.7.4/lib/gcc/x86_64-unknown-linux-gnu/4.7.4]
    arg [-L/home/lijing/cepc/gcc-4.7.4/lib/gcc/x86_64-unknown-linux-gnu/4.7.4/../../../../lib64] ==> dir [/home/lijing/cepc/gcc-4.7.4/lib/gcc/x86_64-unknown-linux-gnu/4.7.4/../../../../lib64]
    arg [-L/lib/../lib64] ==> dir [/lib/../lib64]
    arg [-L/usr/lib/../lib64] ==> dir [/usr/lib/../lib64]
    arg [-L/opt/intel/composer_xe_2013.3.163/compiler/lib/intel64] ==> dir [/opt/intel/composer_xe_2013.3.163/compiler/lib/intel64]
    arg [-L/opt/intel/composer_xe_2013.3.163/compiler/lib/intel64] ==> dir [/opt/intel/composer_xe_2013.3.163/compiler/lib/intel64]
    arg [-L/opt/intel/composer_xe_2013.3.163/mkl/lib/intel64] ==> dir [/opt/intel/composer_xe_2013.3.163/mkl/lib/intel64]
    arg [-L/home/lijing/cepc/gcc-4.7.4/lib/gcc/x86_64-unknown-linux-gnu/4.7.4/../../..] ==> dir [/home/lijing/cepc/gcc-4.7.4/lib/gcc/x86_64-unknown-linux-gnu/4.7.4/../../..]
    arg [CMakeFiles/cmTryCompileExec.dir/CMakeCCompilerABI.c.o] ==> ignore
    arg [-lgcc] ==> lib [gcc]
    arg [--as-needed] ==> ignore
    arg [-lgcc_s] ==> lib [gcc_s]
    arg [--no-as-needed] ==> ignore
    arg [-lc] ==> lib [c]
    arg [-lgcc] ==> lib [gcc]
    arg [--as-needed] ==> ignore
    arg [-lgcc_s] ==> lib [gcc_s]
    arg [--no-as-needed] ==> ignore
    arg [/home/lijing/cepc/gcc-4.7.4/lib/gcc/x86_64-unknown-linux-gnu/4.7.4/crtend.o] ==> ignore
    arg [/usr/lib/../lib64/crtn.o] ==> ignore
  remove lib [gcc]
  remove lib [gcc_s]
  remove lib [gcc]
  remove lib [gcc_s]
  collapse dir [/home/lijing/cepc/gcc-4.7.4/lib/gcc/x86_64-unknown-linux-gnu/4.7.4] ==> [/home/lijing/cepc/gcc-4.7.4/lib/gcc/x86_64-unknown-linux-gnu/4.7.4]
  collapse dir [/home/lijing/cepc/gcc-4.7.4/lib/gcc/x86_64-unknown-linux-gnu/4.7.4/../../../../lib64] ==> [/home/lijing/cepc/gcc-4.7.4/lib64]
  collapse dir [/lib/../lib64] ==> [/lib64]
  collapse dir [/usr/lib/../lib64] ==> [/usr/lib64]
  collapse dir [/opt/intel/composer_xe_2013.3.163/compiler/lib/intel64] ==> [/opt/intel/composer_xe_2013.3.163/compiler/lib/intel64]
  collapse dir [/opt/intel/composer_xe_2013.3.163/compiler/lib/intel64] ==> [/opt/intel/composer_xe_2013.3.163/compiler/lib/intel64]
  collapse dir [/opt/intel/composer_xe_2013.3.163/mkl/lib/intel64] ==> [/opt/intel/composer_xe_2013.3.163/mkl/lib/intel64]
  collapse dir [/home/lijing/cepc/gcc-4.7.4/lib/gcc/x86_64-unknown-linux-gnu/4.7.4/../../..] ==> [/home/lijing/cepc/gcc-4.7.4/lib]
  implicit libs: [c]
  implicit dirs: [/home/lijing/cepc/gcc-4.7.4/lib/gcc/x86_64-unknown-linux-gnu/4.7.4;/home/lijing/cepc/gcc-4.7.4/lib64;/lib64;/usr/lib64;/opt/intel/composer_xe_2013.3.163/compiler/lib/intel64;/opt/intel/composer_xe_2013.3.163/mkl/lib/intel64;/home/lijing/cepc/gcc-4.7.4/lib]


Determining if the CXX compiler works passed with the following output:
Change Dir: /home/lijing/cepc/v01-17-05/Arbor_KD_3.3/build/CMakeFiles/CMakeTmp

Run Build Command:/usr/bin/gmake "cmTryCompileExec/fast"
/usr/bin/gmake -f CMakeFiles/cmTryCompileExec.dir/build.make CMakeFiles/cmTryCompileExec.dir/build
gmake[1]: Entering directory `/home/lijing/cepc/v01-17-05/Arbor_KD_3.3/build/CMakeFiles/CMakeTmp'
/home/lijing/softwares/cmake/2.8.5/bin/cmake -E cmake_progress_report /home/lijing/cepc/v01-17-05/Arbor_KD_3.3/build/CMakeFiles/CMakeTmp/CMakeFiles 1
Building CXX object CMakeFiles/cmTryCompileExec.dir/testCXXCompiler.cxx.o
/home/lijing/cepc/gcc-4.7.4/bin/c++     -o CMakeFiles/cmTryCompileExec.dir/testCXXCompiler.cxx.o -c /home/lijing/cepc/v01-17-05/Arbor_KD_3.3/build/CMakeFiles/CMakeTmp/testCXXCompiler.cxx
Linking CXX executable cmTryCompileExec
/home/lijing/softwares/cmake/2.8.5/bin/cmake -E cmake_link_script CMakeFiles/cmTryCompileExec.dir/link.txt --verbose=1
/home/lijing/cepc/gcc-4.7.4/bin/c++          CMakeFiles/cmTryCompileExec.dir/testCXXCompiler.cxx.o  -o cmTryCompileExec -rdynamic 
gmake[1]: Leaving directory `/home/lijing/cepc/v01-17-05/Arbor_KD_3.3/build/CMakeFiles/CMakeTmp'


Detecting CXX compiler ABI info compiled with the following output:
Change Dir: /home/lijing/cepc/v01-17-05/Arbor_KD_3.3/build/CMakeFiles/CMakeTmp

Run Build Command:/usr/bin/gmake "cmTryCompileExec/fast"
/usr/bin/gmake -f CMakeFiles/cmTryCompileExec.dir/build.make CMakeFiles/cmTryCompileExec.dir/build
gmake[1]: Entering directory `/home/lijing/cepc/v01-17-05/Arbor_KD_3.3/build/CMakeFiles/CMakeTmp'
/home/lijing/softwares/cmake/2.8.5/bin/cmake -E cmake_progress_report /home/lijing/cepc/v01-17-05/Arbor_KD_3.3/build/CMakeFiles/CMakeTmp/CMakeFiles 1
Building CXX object CMakeFiles/cmTryCompileExec.dir/CMakeCXXCompilerABI.cpp.o
/home/lijing/cepc/gcc-4.7.4/bin/c++     -o CMakeFiles/cmTryCompileExec.dir/CMakeCXXCompilerABI.cpp.o -c /home/lijing/softwares/cmake/2.8.5/share/cmake-2.8/Modules/CMakeCXXCompilerABI.cpp
Linking CXX executable cmTryCompileExec
/home/lijing/softwares/cmake/2.8.5/bin/cmake -E cmake_link_script CMakeFiles/cmTryCompileExec.dir/link.txt --verbose=1
/home/lijing/cepc/gcc-4.7.4/bin/c++        -v CMakeFiles/cmTryCompileExec.dir/CMakeCXXCompilerABI.cpp.o  -o cmTryCompileExec -rdynamic  
Using built-in specs.
COLLECT_GCC=/home/lijing/cepc/gcc-4.7.4/bin/c++
COLLECT_LTO_WRAPPER=/home/lijing/cepc/gcc-4.7.4/libexec/gcc/x86_64-unknown-linux-gnu/4.7.4/lto-wrapper
Target: x86_64-unknown-linux-gnu
Configured with: ./configure --prefix=/home/lijing/cepc/gcc-4.7.4 --with-gmp=/home/lijing/cepc/gmp-6.1.0 --with-mpfr=/home/lijing/cepc/mpfr-3.1.4 --with-mpc=/home/lijing/cepc/mpc-1.0.3
Thread model: posix
gcc version 4.7.4 (GCC) 
COMPILER_PATH=/home/lijing/cepc/gcc-4.7.4/libexec/gcc/x86_64-unknown-linux-gnu/4.7.4/:/home/lijing/cepc/gcc-4.7.4/libexec/gcc/x86_64-unknown-linux-gnu/4.7.4/:/home/lijing/cepc/gcc-4.7.4/libexec/gcc/x86_64-unknown-linux-gnu/:/home/lijing/cepc/gcc-4.7.4/lib/gcc/x86_64-unknown-linux-gnu/4.7.4/:/home/lijing/cepc/gcc-4.7.4/lib/gcc/x86_64-unknown-linux-gnu/
LIBRARY_PATH=/home/lijing/cepc/gcc-4.7.4/lib/gcc/x86_64-unknown-linux-gnu/4.7.4/:/home/lijing/cepc/gcc-4.7.4/lib/gcc/x86_64-unknown-linux-gnu/4.7.4/../../../../lib64/:/lib/../lib64/:/usr/lib/../lib64/:/opt/intel/composer_xe_2013.3.163/compiler/lib/intel64/:/opt/intel/composer_xe_2013.3.163/compiler/lib/intel64/:/opt/intel/composer_xe_2013.3.163/mkl/lib/intel64/:/home/lijing/cepc/gcc-4.7.4/lib/gcc/x86_64-unknown-linux-gnu/4.7.4/../../../:/lib/:/usr/lib/
COLLECT_GCC_OPTIONS='-v' '-o' 'cmTryCompileExec' '-rdynamic' '-shared-libgcc' '-mtune=generic' '-march=x86-64'
 /home/lijing/cepc/gcc-4.7.4/libexec/gcc/x86_64-unknown-linux-gnu/4.7.4/collect2 --eh-frame-hdr -m elf_x86_64 -export-dynamic -dynamic-linker /lib64/ld-linux-x86-64.so.2 -o cmTryCompileExec /usr/lib/../lib64/crt1.o /usr/lib/../lib64/crti.o /home/lijing/cepc/gcc-4.7.4/lib/gcc/x86_64-unknown-linux-gnu/4.7.4/crtbegin.o -L/home/lijing/cepc/gcc-4.7.4/lib/gcc/x86_64-unknown-linux-gnu/4.7.4 -L/home/lijing/cepc/gcc-4.7.4/lib/gcc/x86_64-unknown-linux-gnu/4.7.4/../../../../lib64 -L/lib/../lib64 -L/usr/lib/../lib64 -L/opt/intel/composer_xe_2013.3.163/compiler/lib/intel64 -L/opt/intel/composer_xe_2013.3.163/compiler/lib/intel64 -L/opt/intel/composer_xe_2013.3.163/mkl/lib/intel64 -L/home/lijing/cepc/gcc-4.7.4/lib/gcc/x86_64-unknown-linux-gnu/4.7.4/../../.. CMakeFiles/cmTryCompileExec.dir/CMakeCXXCompilerABI.cpp.o -lstdc++ -lm -lgcc_s -lgcc -lc -lgcc_s -lgcc /home/lijing/cepc/gcc-4.7.4/lib/gcc/x86_64-unknown-linux-gnu/4.7.4/crtend.o /usr/lib/../lib64/crtn.o
gmake[1]: Leaving directory `/home/lijing/cepc/v01-17-05/Arbor_KD_3.3/build/CMakeFiles/CMakeTmp'


Parsed CXX implicit link information from above output:
  link line regex: [^( *|.*[/\])(ld|ld|collect2)[^/\]*( |$)]
  ignore line: [Change Dir: /home/lijing/cepc/v01-17-05/Arbor_KD_3.3/build/CMakeFiles/CMakeTmp]
  ignore line: []
  ignore line: [Run Build Command:/usr/bin/gmake "cmTryCompileExec/fast"]
  ignore line: [/usr/bin/gmake -f CMakeFiles/cmTryCompileExec.dir/build.make CMakeFiles/cmTryCompileExec.dir/build]
  ignore line: [gmake[1]: Entering directory `/home/lijing/cepc/v01-17-05/Arbor_KD_3.3/build/CMakeFiles/CMakeTmp']
  ignore line: [/home/lijing/softwares/cmake/2.8.5/bin/cmake -E cmake_progress_report /home/lijing/cepc/v01-17-05/Arbor_KD_3.3/build/CMakeFiles/CMakeTmp/CMakeFiles 1]
  ignore line: [Building CXX object CMakeFiles/cmTryCompileExec.dir/CMakeCXXCompilerABI.cpp.o]
  ignore line: [/home/lijing/cepc/gcc-4.7.4/bin/c++     -o CMakeFiles/cmTryCompileExec.dir/CMakeCXXCompilerABI.cpp.o -c /home/lijing/softwares/cmake/2.8.5/share/cmake-2.8/Modules/CMakeCXXCompilerABI.cpp]
  ignore line: [Linking CXX executable cmTryCompileExec]
  ignore line: [/home/lijing/softwares/cmake/2.8.5/bin/cmake -E cmake_link_script CMakeFiles/cmTryCompileExec.dir/link.txt --verbose=1]
  ignore line: [/home/lijing/cepc/gcc-4.7.4/bin/c++        -v CMakeFiles/cmTryCompileExec.dir/CMakeCXXCompilerABI.cpp.o  -o cmTryCompileExec -rdynamic  ]
  ignore line: [Using built-in specs.]
  ignore line: [COLLECT_GCC=/home/lijing/cepc/gcc-4.7.4/bin/c++]
  ignore line: [COLLECT_LTO_WRAPPER=/home/lijing/cepc/gcc-4.7.4/libexec/gcc/x86_64-unknown-linux-gnu/4.7.4/lto-wrapper]
  ignore line: [Target: x86_64-unknown-linux-gnu]
  ignore line: [Configured with: ./configure --prefix=/home/lijing/cepc/gcc-4.7.4 --with-gmp=/home/lijing/cepc/gmp-6.1.0 --with-mpfr=/home/lijing/cepc/mpfr-3.1.4 --with-mpc=/home/lijing/cepc/mpc-1.0.3]
  ignore line: [Thread model: posix]
  ignore line: [gcc version 4.7.4 (GCC) ]
  ignore line: [COMPILER_PATH=/home/lijing/cepc/gcc-4.7.4/libexec/gcc/x86_64-unknown-linux-gnu/4.7.4/:/home/lijing/cepc/gcc-4.7.4/libexec/gcc/x86_64-unknown-linux-gnu/4.7.4/:/home/lijing/cepc/gcc-4.7.4/libexec/gcc/x86_64-unknown-linux-gnu/:/home/lijing/cepc/gcc-4.7.4/lib/gcc/x86_64-unknown-linux-gnu/4.7.4/:/home/lijing/cepc/gcc-4.7.4/lib/gcc/x86_64-unknown-linux-gnu/]
  ignore line: [LIBRARY_PATH=/home/lijing/cepc/gcc-4.7.4/lib/gcc/x86_64-unknown-linux-gnu/4.7.4/:/home/lijing/cepc/gcc-4.7.4/lib/gcc/x86_64-unknown-linux-gnu/4.7.4/../../../../lib64/:/lib/../lib64/:/usr/lib/../lib64/:/opt/intel/composer_xe_2013.3.163/compiler/lib/intel64/:/opt/intel/composer_xe_2013.3.163/compiler/lib/intel64/:/opt/intel/composer_xe_2013.3.163/mkl/lib/intel64/:/home/lijing/cepc/gcc-4.7.4/lib/gcc/x86_64-unknown-linux-gnu/4.7.4/../../../:/lib/:/usr/lib/]
  ignore line: [COLLECT_GCC_OPTIONS='-v' '-o' 'cmTryCompileExec' '-rdynamic' '-shared-libgcc' '-mtune=generic' '-march=x86-64']
  link line: [ /home/lijing/cepc/gcc-4.7.4/libexec/gcc/x86_64-unknown-linux-gnu/4.7.4/collect2 --eh-frame-hdr -m elf_x86_64 -export-dynamic -dynamic-linker /lib64/ld-linux-x86-64.so.2 -o cmTryCompileExec /usr/lib/../lib64/crt1.o /usr/lib/../lib64/crti.o /home/lijing/cepc/gcc-4.7.4/lib/gcc/x86_64-unknown-linux-gnu/4.7.4/crtbegin.o -L/home/lijing/cepc/gcc-4.7.4/lib/gcc/x86_64-unknown-linux-gnu/4.7.4 -L/home/lijing/cepc/gcc-4.7.4/lib/gcc/x86_64-unknown-linux-gnu/4.7.4/../../../../lib64 -L/lib/../lib64 -L/usr/lib/../lib64 -L/opt/intel/composer_xe_2013.3.163/compiler/lib/intel64 -L/opt/intel/composer_xe_2013.3.163/compiler/lib/intel64 -L/opt/intel/composer_xe_2013.3.163/mkl/lib/intel64 -L/home/lijing/cepc/gcc-4.7.4/lib/gcc/x86_64-unknown-linux-gnu/4.7.4/../../.. CMakeFiles/cmTryCompileExec.dir/CMakeCXXCompilerABI.cpp.o -lstdc++ -lm -lgcc_s -lgcc -lc -lgcc_s -lgcc /home/lijing/cepc/gcc-4.7.4/lib/gcc/x86_64-unknown-linux-gnu/4.7.4/crtend.o /usr/lib/../lib64/crtn.o]
    arg [/home/lijing/cepc/gcc-4.7.4/libexec/gcc/x86_64-unknown-linux-gnu/4.7.4/collect2] ==> ignore
    arg [--eh-frame-hdr] ==> ignore
    arg [-m] ==> ignore
    arg [elf_x86_64] ==> ignore
    arg [-export-dynamic] ==> ignore
    arg [-dynamic-linker] ==> ignore
    arg [/lib64/ld-linux-x86-64.so.2] ==> ignore
    arg [-o] ==> ignore
    arg [cmTryCompileExec] ==> ignore
    arg [/usr/lib/../lib64/crt1.o] ==> ignore
    arg [/usr/lib/../lib64/crti.o] ==> ignore
    arg [/home/lijing/cepc/gcc-4.7.4/lib/gcc/x86_64-unknown-linux-gnu/4.7.4/crtbegin.o] ==> ignore
    arg [-L/home/lijing/cepc/gcc-4.7.4/lib/gcc/x86_64-unknown-linux-gnu/4.7.4] ==> dir [/home/lijing/cepc/gcc-4.7.4/lib/gcc/x86_64-unknown-linux-gnu/4.7.4]
    arg [-L/home/lijing/cepc/gcc-4.7.4/lib/gcc/x86_64-unknown-linux-gnu/4.7.4/../../../../lib64] ==> dir [/home/lijing/cepc/gcc-4.7.4/lib/gcc/x86_64-unknown-linux-gnu/4.7.4/../../../../lib64]
    arg [-L/lib/../lib64] ==> dir [/lib/../lib64]
    arg [-L/usr/lib/../lib64] ==> dir [/usr/lib/../lib64]
    arg [-L/opt/intel/composer_xe_2013.3.163/compiler/lib/intel64] ==> dir [/opt/intel/composer_xe_2013.3.163/compiler/lib/intel64]
    arg [-L/opt/intel/composer_xe_2013.3.163/compiler/lib/intel64] ==> dir [/opt/intel/composer_xe_2013.3.163/compiler/lib/intel64]
    arg [-L/opt/intel/composer_xe_2013.3.163/mkl/lib/intel64] ==> dir [/opt/intel/composer_xe_2013.3.163/mkl/lib/intel64]
    arg [-L/home/lijing/cepc/gcc-4.7.4/lib/gcc/x86_64-unknown-linux-gnu/4.7.4/../../..] ==> dir [/home/lijing/cepc/gcc-4.7.4/lib/gcc/x86_64-unknown-linux-gnu/4.7.4/../../..]
    arg [CMakeFiles/cmTryCompileExec.dir/CMakeCXXCompilerABI.cpp.o] ==> ignore
    arg [-lstdc++] ==> lib [stdc++]
    arg [-lm] ==> lib [m]
    arg [-lgcc_s] ==> lib [gcc_s]
    arg [-lgcc] ==> lib [gcc]
    arg [-lc] ==> lib [c]
    arg [-lgcc_s] ==> lib [gcc_s]
    arg [-lgcc] ==> lib [gcc]
    arg [/home/lijing/cepc/gcc-4.7.4/lib/gcc/x86_64-unknown-linux-gnu/4.7.4/crtend.o] ==> ignore
    arg [/usr/lib/../lib64/crtn.o] ==> ignore
  remove lib [gcc_s]
  remove lib [gcc]
  remove lib [gcc_s]
  remove lib [gcc]
  collapse dir [/home/lijing/cepc/gcc-4.7.4/lib/gcc/x86_64-unknown-linux-gnu/4.7.4] ==> [/home/lijing/cepc/gcc-4.7.4/lib/gcc/x86_64-unknown-linux-gnu/4.7.4]
  collapse dir [/home/lijing/cepc/gcc-4.7.4/lib/gcc/x86_64-unknown-linux-gnu/4.7.4/../../../../lib64] ==> [/home/lijing/cepc/gcc-4.7.4/lib64]
  collapse dir [/lib/../lib64] ==> [/lib64]
  collapse dir [/usr/lib/../lib64] ==> [/usr/lib64]
  collapse dir [/opt/intel/composer_xe_2013.3.163/compiler/lib/intel64] ==> [/opt/intel/composer_xe_2013.3.163/compiler/lib/intel64]
  collapse dir [/opt/intel/composer_xe_2013.3.163/compiler/lib/intel64] ==> [/opt/intel/composer_xe_2013.3.163/compiler/lib/intel64]
  collapse dir [/opt/intel/composer_xe_2013.3.163/mkl/lib/intel64] ==> [/opt/intel/composer_xe_2013.3.163/mkl/lib/intel64]
  collapse dir [/home/lijing/cepc/gcc-4.7.4/lib/gcc/x86_64-unknown-linux-gnu/4.7.4/../../..] ==> [/home/lijing/cepc/gcc-4.7.4/lib]
  implicit libs: [stdc++;m;c]
  implicit dirs: [/home/lijing/cepc/gcc-4.7.4/lib/gcc/x86_64-unknown-linux-gnu/4.7.4;/home/lijing/cepc/gcc-4.7.4/lib64;/lib64;/usr/lib64;/opt/intel/composer_xe_2013.3.163/compiler/lib/intel64;/opt/intel/composer_xe_2013.3.163/mkl/lib/intel64;/home/lijing/cepc/gcc-4.7.4/lib]


